<?xml version="1.0" encoding="UTF-8" standalone="no"?>
<!DOCTYPE log SYSTEM "logger.dtd">
<log>
<record>
  <date>2019-09-11T03:58:43</date>
  <millis>1568192323947</millis>
  <sequence>0</sequence>
  <level>START</level>
  <class>com.kms.katalon.core.logging.XmlKeywordLogger</class>
  <method>startSuite</method>
  <thread>1</thread>
  <message>Start Test Suite : Test Suites/FirstView/Sale</message>
  <nestedLevel>0</nestedLevel>
  <property name="name">Sale</property>
  <property name="description"></property>
  <property name="id">Test Suites/FirstView/Sale</property>
</record>
<record>
  <date>2019-09-11T03:58:43</date>
  <millis>1568192323969</millis>
  <sequence>1</sequence>
  <level>RUN_DATA</level>
  <class>com.kms.katalon.core.logging.XmlKeywordLogger</class>
  <method>logMessage</method>
  <thread>1</thread>
  <message>hostName = venkata.annam - FW1-D-DTA-ZENQ1</message>
  <nestedLevel>0</nestedLevel>
  <property name="hostName">venkata.annam - FW1-D-DTA-ZENQ1</property>
</record>
<record>
  <date>2019-09-11T03:58:43</date>
  <millis>1568192323972</millis>
  <sequence>2</sequence>
  <level>RUN_DATA</level>
  <class>com.kms.katalon.core.logging.XmlKeywordLogger</class>
  <method>logMessage</method>
  <thread>1</thread>
  <message>os = Windows 10 64bit</message>
  <nestedLevel>0</nestedLevel>
  <property name="os">Windows 10 64bit</property>
</record>
<record>
  <date>2019-09-11T03:58:43</date>
  <millis>1568192323972</millis>
  <sequence>3</sequence>
  <level>RUN_DATA</level>
  <class>com.kms.katalon.core.logging.XmlKeywordLogger</class>
  <method>logMessage</method>
  <thread>1</thread>
  <message>hostAddress = 172.25.52.168</message>
  <nestedLevel>0</nestedLevel>
  <property name="hostAddress">172.25.52.168</property>
</record>
<record>
  <date>2019-09-11T03:58:43</date>
  <millis>1568192323976</millis>
  <sequence>4</sequence>
  <level>RUN_DATA</level>
  <class>com.kms.katalon.core.logging.XmlKeywordLogger</class>
  <method>logMessage</method>
  <thread>1</thread>
  <message>katalonVersion = 6.3.2.4</message>
  <nestedLevel>0</nestedLevel>
  <property name="katalonVersion">6.3.2.4</property>
</record>
<record>
  <date>2019-09-11T03:58:44</date>
  <millis>1568192324369</millis>
  <sequence>5</sequence>
  <level>START</level>
  <class>com.kms.katalon.core.logging.XmlKeywordLogger</class>
  <method>startTest</method>
  <thread>1</thread>
  <message>Start Test Case : Test Cases/FirstView/Sale/TC_Sales_001</message>
  <nestedLevel>1</nestedLevel>
  <property name="name">Test Cases/FirstView/Sale/TC_Sales_001</property>
  <property name="description"></property>
  <property name="id">Test Cases/FirstView/Sale/TC_Sales_001</property>
  <property name="source">C:\\Users\\venkata.annam\\Katalon Studio\\VPOS\\VPOS_Automation\\Test Cases\\FirstView\\Sale\\TC_Sales_001.tc</property>
  <property name="tag"></property>
  <property name="isOptional">false</property>
</record>
<record>
  <date>2019-09-11T03:58:44</date>
  <millis>1568192324556</millis>
  <sequence>7</sequence>
  <level>INFO</level>
  <class>com.kms.katalon.core.logging.XmlKeywordLogger</class>
  <method>logMessage</method>
  <thread>1</thread>
  <message>(Default) delay = 3</message>
  <nestedLevel>1</nestedLevel>
</record>
<record>
  <date>2019-09-11T03:58:44</date>
  <millis>1568192324590</millis>
  <sequence>8</sequence>
  <level>INFO</level>
  <class>com.kms.katalon.core.logging.XmlKeywordLogger</class>
  <method>logMessage</method>
  <thread>1</thread>
  <message>(Default) dropDownValue_AccountType = ranjanatest2 - 888814981372/001 Account Type: Retail</message>
  <nestedLevel>1</nestedLevel>
</record>
<record>
  <date>2019-09-11T03:58:44</date>
  <millis>1568192324615</millis>
  <sequence>9</sequence>
  <level>INFO</level>
  <class>com.kms.katalon.core.logging.XmlKeywordLogger</class>
  <method>logMessage</method>
  <thread>1</thread>
  <message>(Default) delay1 = 1</message>
  <nestedLevel>1</nestedLevel>
</record>
<record>
  <date>2019-09-11T03:58:44</date>
  <millis>1568192324647</millis>
  <sequence>10</sequence>
  <level>INFO</level>
  <class>com.kms.katalon.core.logging.XmlKeywordLogger</class>
  <method>logMessage</method>
  <thread>1</thread>
  <message>(Default) entryModeCheckbox = radio-manual</message>
  <nestedLevel>1</nestedLevel>
</record>
<record>
  <date>2019-09-11T03:58:44</date>
  <millis>1568192324677</millis>
  <sequence>11</sequence>
  <level>INFO</level>
  <class>com.kms.katalon.core.logging.XmlKeywordLogger</class>
  <method>logMessage</method>
  <thread>1</thread>
  <message>(Default) waitForElement = 60</message>
  <nestedLevel>1</nestedLevel>
</record>
<record>
  <date>2019-09-11T03:58:44</date>
  <millis>1568192324703</millis>
  <sequence>12</sequence>
  <level>INFO</level>
  <class>com.kms.katalon.core.logging.XmlKeywordLogger</class>
  <method>logMessage</method>
  <thread>1</thread>
  <message>(Default) amountInput = 550</message>
  <nestedLevel>1</nestedLevel>
</record>
<record>
  <date>2019-09-11T03:58:45</date>
  <millis>1568192325328</millis>
  <sequence>13</sequence>
  <level>START</level>
  <class>com.kms.katalon.core.logging.XmlKeywordLogger</class>
  <method>startKeyword</method>
  <thread>1</thread>
  <message>Start action : utilities.SafeActions.openBrowser(URL, [PageLoadTime])</message>
  <nestedLevel>1</nestedLevel>
  <property name="startLine">19</property>
  <property name="stepIndex">1</property>
</record>
<record>
  <date>2019-09-11T03:58:45</date>
  <millis>1568192325521</millis>
  <sequence>14</sequence>
  <level>INFO</level>
  <class>com.kms.katalon.core.logging.XmlKeywordLogger</class>
  <method>logMessage</method>
  <thread>1</thread>
  <message>Opening Browser</message>
  <nestedLevel>1</nestedLevel>
</record>
<record>
  <date>2019-09-11T03:58:45</date>
  <millis>1568192325875</millis>
  <sequence>16</sequence>
  <level>INFO</level>
  <class>com.kms.katalon.core.logging.XmlKeywordLogger</class>
  <method>logMessage</method>
  <thread>1</thread>
  <message>Starting &amp;apos;Firefox&amp;apos; driver</message>
  <nestedLevel>1</nestedLevel>
</record>
<record>
  <date>2019-09-11T03:58:46</date>
  <millis>1568192326027</millis>
  <sequence>18</sequence>
  <level>INFO</level>
  <class>com.kms.katalon.core.logging.XmlKeywordLogger</class>
  <method>logMessage</method>
  <thread>1</thread>
  <message>Action delay is set to 0 seconds</message>
  <nestedLevel>1</nestedLevel>
</record>
<record>
  <date>2019-09-11T03:58:52</date>
  <millis>1568192332110</millis>
  <sequence>20</sequence>
  <level>RUN_DATA</level>
  <class>com.kms.katalon.core.logging.XmlKeywordLogger</class>
  <method>logMessage</method>
  <thread>1</thread>
  <message>sessionId = ae02bcda-f319-421a-b770-ca987b00102f</message>
  <nestedLevel>1</nestedLevel>
  <property name="sessionId">ae02bcda-f319-421a-b770-ca987b00102f</property>
</record>
<record>
  <date>2019-09-11T03:58:52</date>
  <millis>1568192332161</millis>
  <sequence>21</sequence>
  <level>RUN_DATA</level>
  <class>com.kms.katalon.core.logging.XmlKeywordLogger</class>
  <method>logMessage</method>
  <thread>1</thread>
  <message>browser = Firefox 68.0</message>
  <nestedLevel>1</nestedLevel>
  <property name="browser">Firefox 68.0</property>
</record>
<record>
  <date>2019-09-11T03:58:52</date>
  <millis>1568192332162</millis>
  <sequence>22</sequence>
  <level>RUN_DATA</level>
  <class>com.kms.katalon.core.logging.XmlKeywordLogger</class>
  <method>logMessage</method>
  <thread>1</thread>
  <message>platform = Windows 10</message>
  <nestedLevel>1</nestedLevel>
  <property name="platform">Windows 10</property>
</record>
<record>
  <date>2019-09-11T03:58:52</date>
  <millis>1568192332163</millis>
  <sequence>23</sequence>
  <level>RUN_DATA</level>
  <class>com.kms.katalon.core.logging.XmlKeywordLogger</class>
  <method>logMessage</method>
  <thread>1</thread>
  <message>seleniumVersion = 3.141.59</message>
  <nestedLevel>1</nestedLevel>
  <property name="seleniumVersion">3.141.59</property>
</record>
<record>
  <date>2019-09-11T03:58:52</date>
  <millis>1568192332166</millis>
  <sequence>24</sequence>
  <level>RUN_DATA</level>
  <class>com.kms.katalon.core.logging.XmlKeywordLogger</class>
  <method>logMessage</method>
  <thread>1</thread>
  <message>proxyInformation = ProxyInformation{proxyOption=NO_PROXY, proxyServerType=HTTP, password=, proxyServerAddress=, proxyServerPort=0}</message>
  <nestedLevel>1</nestedLevel>
  <property name="proxyInformation">ProxyInformation{proxyOption=NO_PROXY, proxyServerType=HTTP, password=, proxyServerAddress=, proxyServerPort=0}</property>
</record>
<record>
  <date>2019-09-11T03:58:54</date>
  <millis>1568192334971</millis>
  <sequence>26</sequence>
  <level>PASSED</level>
  <class>com.kms.katalon.core.logging.XmlKeywordLogger</class>
  <method>logMessage</method>
  <thread>1</thread>
  <message>Browser is opened with url: &amp;apos;http://172.25.48.28/secure/VPOS/VPOS/Vpos&amp;apos;</message>
  <nestedLevel>1</nestedLevel>
</record>
<record>
  <date>2019-09-11T03:58:55</date>
  <millis>1568192335021</millis>
  <sequence>28</sequence>
  <level>PASSED</level>
  <class>com.kms.katalon.core.logging.XmlKeywordLogger</class>
  <method>logMessage</method>
  <thread>1</thread>
  <message>Current window maximized</message>
  <nestedLevel>1</nestedLevel>
</record>
<record>
  <date>2019-09-11T03:58:55</date>
  <millis>1568192335022</millis>
  <sequence>29</sequence>
  <level>INFO</level>
  <class>com.kms.katalon.core.logging.XmlKeywordLogger</class>
  <method>logMessage</method>
  <thread>1</thread>
  <message>Browser Launched Successfully</message>
  <nestedLevel>1</nestedLevel>
</record>
<record>
  <date>2019-09-11T03:58:55</date>
  <millis>1568192335022</millis>
  <sequence>30</sequence>
  <level>PASSED</level>
  <class>com.kms.katalon.core.logging.XmlKeywordLogger</class>
  <method>logMessage</method>
  <thread>1</thread>
  <message>utilities.SafeActions.openBrowser is PASSED</message>
  <nestedLevel>1</nestedLevel>
</record>
<record>
  <date>2019-09-11T03:58:55</date>
  <millis>1568192335024</millis>
  <sequence>31</sequence>
  <level>END</level>
  <class>com.kms.katalon.core.logging.XmlKeywordLogger</class>
  <method>endKeyword</method>
  <thread>1</thread>
  <message>End action : utilities.SafeActions.openBrowser(URL, [PageLoadTime])</message>
  <nestedLevel>1</nestedLevel>
</record>
<record>
  <date>2019-09-11T03:58:55</date>
  <millis>1568192335025</millis>
  <sequence>32</sequence>
  <level>START</level>
  <class>com.kms.katalon.core.logging.XmlKeywordLogger</class>
  <method>startKeyword</method>
  <thread>1</thread>
  <message>Start action : delay(6)</message>
  <nestedLevel>1</nestedLevel>
  <property name="startLine">21</property>
  <property name="stepIndex">2</property>
</record>
<record>
  <date>2019-09-11T03:59:01</date>
  <millis>1568192341068</millis>
  <sequence>34</sequence>
  <level>PASSED</level>
  <class>com.kms.katalon.core.logging.XmlKeywordLogger</class>
  <method>logMessage</method>
  <thread>1</thread>
  <message>Delayed 6 second(s)</message>
  <nestedLevel>1</nestedLevel>
</record>
<record>
  <date>2019-09-11T03:59:01</date>
  <millis>1568192341071</millis>
  <sequence>35</sequence>
  <level>END</level>
  <class>com.kms.katalon.core.logging.XmlKeywordLogger</class>
  <method>endKeyword</method>
  <thread>1</thread>
  <message>End action : delay(6)</message>
  <nestedLevel>1</nestedLevel>
</record>
<record>
  <date>2019-09-11T03:59:01</date>
  <millis>1568192341071</millis>
  <sequence>36</sequence>
  <level>START</level>
  <class>com.kms.katalon.core.logging.XmlKeywordLogger</class>
  <method>startKeyword</method>
  <thread>1</thread>
  <message>Start action : utilities.SafeActions.safeSelectOptionInDropDownByVisibleText(findTestObject(\&amp;quot;Pages/Sale/dropDown_AccountType\&amp;quot;), \&amp;quot;ranjanatest2 - 888814981372/001 Account Type: Retail\&amp;quot;, \&amp;quot;Select by Value\&amp;quot;, [25])</message>
  <nestedLevel>1</nestedLevel>
  <property name="startLine">23</property>
  <property name="stepIndex">3</property>
</record>
<record>
  <date>2019-09-11T03:59:01</date>
  <millis>1568192341328</millis>
  <sequence>42</sequence>
  <level>PASSED</level>
  <class>com.kms.katalon.core.logging.XmlKeywordLogger</class>
  <method>logMessage</method>
  <thread>1</thread>
  <message>Object &amp;apos;Object Repository/Pages/Sale/dropDown_AccountType&amp;apos; is present</message>
  <nestedLevel>1</nestedLevel>
</record>
<record>
  <date>2019-09-11T03:59:01</date>
  <millis>1568192341682</millis>
  <sequence>48</sequence>
  <level>PASSED</level>
  <class>com.kms.katalon.core.logging.XmlKeywordLogger</class>
  <method>logMessage</method>
  <thread>1</thread>
  <message>Object: &amp;apos;Object Repository/Pages/Sale/dropDown_AccountType&amp;apos; is clicked on</message>
  <nestedLevel>1</nestedLevel>
</record>
<record>
  <date>2019-09-11T03:59:01</date>
  <millis>1568192341770</millis>
  <sequence>55</sequence>
  <level>PASSED</level>
  <class>com.kms.katalon.core.logging.XmlKeywordLogger</class>
  <method>logMessage</method>
  <thread>1</thread>
  <message>All options with label &amp;apos;ranjanatest2 - 888814981372/001 Account Type: Retail&amp;apos; are selected in object &amp;apos;Object Repository/Pages/Sale/dropDown_AccountType&amp;apos; </message>
  <nestedLevel>1</nestedLevel>
</record>
<record>
  <date>2019-09-11T03:59:01</date>
  <millis>1568192341771</millis>
  <sequence>56</sequence>
  <level>PASSED</level>
  <class>com.kms.katalon.core.logging.XmlKeywordLogger</class>
  <method>logMessage</method>
  <thread>1</thread>
  <message>utilities.SafeActions.safeSelectOptionInDropDownByVisibleText is PASSED</message>
  <nestedLevel>1</nestedLevel>
</record>
<record>
  <date>2019-09-11T03:59:01</date>
  <millis>1568192341771</millis>
  <sequence>57</sequence>
  <level>END</level>
  <class>com.kms.katalon.core.logging.XmlKeywordLogger</class>
  <method>endKeyword</method>
  <thread>1</thread>
  <message>End action : utilities.SafeActions.safeSelectOptionInDropDownByVisibleText(findTestObject(\&amp;quot;Pages/Sale/dropDown_AccountType\&amp;quot;), \&amp;quot;ranjanatest2 - 888814981372/001 Account Type: Retail\&amp;quot;, \&amp;quot;Select by Value\&amp;quot;, [25])</message>
  <nestedLevel>1</nestedLevel>
</record>
<record>
  <date>2019-09-11T03:59:01</date>
  <millis>1568192341772</millis>
  <sequence>58</sequence>
  <level>START</level>
  <class>com.kms.katalon.core.logging.XmlKeywordLogger</class>
  <method>startKeyword</method>
  <thread>1</thread>
  <message>Start action : delay(3)</message>
  <nestedLevel>1</nestedLevel>
  <property name="startLine">26</property>
  <property name="stepIndex">4</property>
</record>
<record>
  <date>2019-09-11T03:59:04</date>
  <millis>1568192344773</millis>
  <sequence>60</sequence>
  <level>PASSED</level>
  <class>com.kms.katalon.core.logging.XmlKeywordLogger</class>
  <method>logMessage</method>
  <thread>1</thread>
  <message>Delayed 3 second(s)</message>
  <nestedLevel>1</nestedLevel>
</record>
<record>
  <date>2019-09-11T03:59:04</date>
  <millis>1568192344774</millis>
  <sequence>61</sequence>
  <level>END</level>
  <class>com.kms.katalon.core.logging.XmlKeywordLogger</class>
  <method>endKeyword</method>
  <thread>1</thread>
  <message>End action : delay(3)</message>
  <nestedLevel>1</nestedLevel>
</record>
<record>
  <date>2019-09-11T03:59:04</date>
  <millis>1568192344774</millis>
  <sequence>62</sequence>
  <level>START</level>
  <class>com.kms.katalon.core.logging.XmlKeywordLogger</class>
  <method>startKeyword</method>
  <thread>1</thread>
  <message>Start action : pages.Sale.verifyIfEntryModeIsChecked(\&amp;quot;radio-manual\&amp;quot;, 60)</message>
  <nestedLevel>1</nestedLevel>
  <property name="startLine">28</property>
  <property name="stepIndex">5</property>
</record>
<record>
  <date>2019-09-11T03:59:04</date>
  <millis>1568192344884</millis>
  <sequence>67</sequence>
  <level>PASSED</level>
  <class>com.kms.katalon.core.logging.XmlKeywordLogger</class>
  <method>logMessage</method>
  <thread>1</thread>
  <message>Object &amp;apos;&amp;apos; is checked</message>
  <nestedLevel>1</nestedLevel>
</record>
<record>
  <date>2019-09-11T03:59:04</date>
  <millis>1568192344886</millis>
  <sequence>68</sequence>
  <level>INFO</level>
  <class>com.kms.katalon.core.logging.XmlKeywordLogger</class>
  <method>logMessage</method>
  <thread>1</thread>
  <message>The specified checkbox is checked</message>
  <nestedLevel>1</nestedLevel>
</record>
<record>
  <date>2019-09-11T03:59:04</date>
  <millis>1568192344886</millis>
  <sequence>69</sequence>
  <level>PASSED</level>
  <class>com.kms.katalon.core.logging.XmlKeywordLogger</class>
  <method>logMessage</method>
  <thread>1</thread>
  <message>pages.Sale.verifyIfEntryModeIsChecked is PASSED</message>
  <nestedLevel>1</nestedLevel>
</record>
<record>
  <date>2019-09-11T03:59:04</date>
  <millis>1568192344888</millis>
  <sequence>70</sequence>
  <level>END</level>
  <class>com.kms.katalon.core.logging.XmlKeywordLogger</class>
  <method>endKeyword</method>
  <thread>1</thread>
  <message>End action : pages.Sale.verifyIfEntryModeIsChecked(\&amp;quot;radio-manual\&amp;quot;, 60)</message>
  <nestedLevel>1</nestedLevel>
</record>
<record>
  <date>2019-09-11T03:59:04</date>
  <millis>1568192344889</millis>
  <sequence>71</sequence>
  <level>START</level>
  <class>com.kms.katalon.core.logging.XmlKeywordLogger</class>
  <method>startKeyword</method>
  <thread>1</thread>
  <message>Start action : scrollToElement(findTestObject(\&amp;quot;Pages/Sale/input_Amount\&amp;quot;), 60)</message>
  <nestedLevel>1</nestedLevel>
  <property name="startLine">32</property>
  <property name="stepIndex">6</property>
  <property name="description">Scroll down to Element inputAmount</property>
</record>
<record>
  <date>2019-09-11T03:59:05</date>
  <millis>1568192345099</millis>
  <sequence>79</sequence>
  <level>PASSED</level>
  <class>com.kms.katalon.core.logging.XmlKeywordLogger</class>
  <method>logMessage</method>
  <thread>1</thread>
  <message>Scroll to object &amp;apos;Object Repository/Pages/Sale/input_Amount&amp;apos; successfully</message>
  <nestedLevel>1</nestedLevel>
</record>
<record>
  <date>2019-09-11T03:59:05</date>
  <millis>1568192345100</millis>
  <sequence>80</sequence>
  <level>END</level>
  <class>com.kms.katalon.core.logging.XmlKeywordLogger</class>
  <method>endKeyword</method>
  <thread>1</thread>
  <message>End action : scrollToElement(findTestObject(\&amp;quot;Pages/Sale/input_Amount\&amp;quot;), 60)</message>
  <nestedLevel>1</nestedLevel>
</record>
<record>
  <date>2019-09-11T03:59:05</date>
  <millis>1568192345100</millis>
  <sequence>81</sequence>
  <level>START</level>
  <class>com.kms.katalon.core.logging.XmlKeywordLogger</class>
  <method>startKeyword</method>
  <thread>1</thread>
  <message>Start action : utilities.SafeActions.safeType(findTestObject(\&amp;quot;Pages/Sale/input_Amount\&amp;quot;), \&amp;quot;550\&amp;quot;, \&amp;quot;Enter Amount into Amount text box\&amp;quot;, [20])</message>
  <nestedLevel>1</nestedLevel>
  <property name="startLine">34</property>
  <property name="stepIndex">7</property>
</record>
<record>
  <date>2019-09-11T03:59:05</date>
  <millis>1568192345214</millis>
  <sequence>87</sequence>
  <level>PASSED</level>
  <class>com.kms.katalon.core.logging.XmlKeywordLogger</class>
  <method>logMessage</method>
  <thread>1</thread>
  <message>Object &amp;apos;Object Repository/Pages/Sale/input_Amount&amp;apos; is present</message>
  <nestedLevel>1</nestedLevel>
</record>
<record>
  <date>2019-09-11T03:59:05</date>
  <millis>1568192345493</millis>
  <sequence>93</sequence>
  <level>PASSED</level>
  <class>com.kms.katalon.core.logging.XmlKeywordLogger</class>
  <method>logMessage</method>
  <thread>1</thread>
  <message>Object: &amp;apos;Object Repository/Pages/Sale/input_Amount&amp;apos; is clicked on</message>
  <nestedLevel>1</nestedLevel>
</record>
<record>
  <date>2019-09-11T03:59:05</date>
  <millis>1568192345599</millis>
  <sequence>101</sequence>
  <level>PASSED</level>
  <class>com.kms.katalon.core.logging.XmlKeywordLogger</class>
  <method>logMessage</method>
  <thread>1</thread>
  <message>Text &amp;apos;550&amp;apos; is set on object &amp;apos;Object Repository/Pages/Sale/input_Amount&amp;apos;</message>
  <nestedLevel>1</nestedLevel>
</record>
<record>
  <date>2019-09-11T03:59:05</date>
  <millis>1568192345599</millis>
  <sequence>102</sequence>
  <level>PASSED</level>
  <class>com.kms.katalon.core.logging.XmlKeywordLogger</class>
  <method>logMessage</method>
  <thread>1</thread>
  <message>utilities.SafeActions.safeType is PASSED</message>
  <nestedLevel>1</nestedLevel>
</record>
<record>
  <date>2019-09-11T03:59:05</date>
  <millis>1568192345600</millis>
  <sequence>103</sequence>
  <level>END</level>
  <class>com.kms.katalon.core.logging.XmlKeywordLogger</class>
  <method>endKeyword</method>
  <thread>1</thread>
  <message>End action : utilities.SafeActions.safeType(findTestObject(\&amp;quot;Pages/Sale/input_Amount\&amp;quot;), \&amp;quot;550\&amp;quot;, \&amp;quot;Enter Amount into Amount text box\&amp;quot;, [20])</message>
  <nestedLevel>1</nestedLevel>
</record>
<record>
  <date>2019-09-11T03:59:05</date>
  <millis>1568192345600</millis>
  <sequence>104</sequence>
  <level>START</level>
  <class>com.kms.katalon.core.logging.XmlKeywordLogger</class>
  <method>startKeyword</method>
  <thread>1</thread>
  <message>Start action : total_Amount = utilities.SafeActions.safeGetText(findTestObject(\&amp;quot;Pages/Sale/total_Amount\&amp;quot;), 10)</message>
  <nestedLevel>1</nestedLevel>
  <property name="startLine">37</property>
  <property name="stepIndex">8</property>
</record>
<record>
  <date>2019-09-11T03:59:05</date>
  <millis>1568192345723</millis>
  <sequence>110</sequence>
  <level>PASSED</level>
  <class>com.kms.katalon.core.logging.XmlKeywordLogger</class>
  <method>logMessage</method>
  <thread>1</thread>
  <message>Object &amp;apos;Object Repository/Pages/Sale/total_Amount&amp;apos; is present</message>
  <nestedLevel>1</nestedLevel>
</record>
<record>
  <date>2019-09-11T03:59:05</date>
  <millis>1568192345779</millis>
  <sequence>116</sequence>
  <level>PASSED</level>
  <class>com.kms.katalon.core.logging.XmlKeywordLogger</class>
  <method>logMessage</method>
  <thread>1</thread>
  <message>Text of object &amp;apos;Object Repository/Pages/Sale/total_Amount&amp;apos; is: &amp;apos;$605.00&amp;apos;</message>
  <nestedLevel>1</nestedLevel>
</record>
<record>
  <date>2019-09-11T03:59:05</date>
  <millis>1568192345780</millis>
  <sequence>117</sequence>
  <level>PASSED</level>
  <class>com.kms.katalon.core.logging.XmlKeywordLogger</class>
  <method>logMessage</method>
  <thread>1</thread>
  <message>utilities.SafeActions.safeGetText is PASSED</message>
  <nestedLevel>1</nestedLevel>
</record>
<record>
  <date>2019-09-11T03:59:05</date>
  <millis>1568192345781</millis>
  <sequence>118</sequence>
  <level>END</level>
  <class>com.kms.katalon.core.logging.XmlKeywordLogger</class>
  <method>endKeyword</method>
  <thread>1</thread>
  <message>End action : total_Amount = utilities.SafeActions.safeGetText(findTestObject(\&amp;quot;Pages/Sale/total_Amount\&amp;quot;), 10)</message>
  <nestedLevel>1</nestedLevel>
</record>
<record>
  <date>2019-09-11T03:59:05</date>
  <millis>1568192345781</millis>
  <sequence>119</sequence>
  <level>START</level>
  <class>com.kms.katalon.core.logging.XmlKeywordLogger</class>
  <method>startKeyword</method>
  <thread>1</thread>
  <message>Start action : scrollToElement(findTestObject(\&amp;quot;Pages/Sale/dropDown_ExpirationMonth\&amp;quot;), 60)</message>
  <nestedLevel>1</nestedLevel>
  <property name="startLine">39</property>
  <property name="stepIndex">9</property>
</record>
<record>
  <date>2019-09-11T03:59:05</date>
  <millis>1568192345919</millis>
  <sequence>127</sequence>
  <level>PASSED</level>
  <class>com.kms.katalon.core.logging.XmlKeywordLogger</class>
  <method>logMessage</method>
  <thread>1</thread>
  <message>Scroll to object &amp;apos;Object Repository/Pages/Sale/dropDown_ExpirationMonth&amp;apos; successfully</message>
  <nestedLevel>1</nestedLevel>
</record>
<record>
  <date>2019-09-11T03:59:05</date>
  <millis>1568192345919</millis>
  <sequence>128</sequence>
  <level>END</level>
  <class>com.kms.katalon.core.logging.XmlKeywordLogger</class>
  <method>endKeyword</method>
  <thread>1</thread>
  <message>End action : scrollToElement(findTestObject(\&amp;quot;Pages/Sale/dropDown_ExpirationMonth\&amp;quot;), 60)</message>
  <nestedLevel>1</nestedLevel>
</record>
<record>
  <date>2019-09-11T03:59:05</date>
  <millis>1568192345920</millis>
  <sequence>129</sequence>
  <level>START</level>
  <class>com.kms.katalon.core.logging.XmlKeywordLogger</class>
  <method>startKeyword</method>
  <thread>1</thread>
  <message>Start action : pages.Sale.verifyIfEntryModeIsChecked(\&amp;quot;radio-card-not-present\&amp;quot;, 60)</message>
  <nestedLevel>1</nestedLevel>
  <property name="startLine">41</property>
  <property name="stepIndex">10</property>
</record>
<record>
  <date>2019-09-11T03:59:05</date>
  <millis>1568192345943</millis>
  <sequence>134</sequence>
  <level>PASSED</level>
  <class>com.kms.katalon.core.logging.XmlKeywordLogger</class>
  <method>logMessage</method>
  <thread>1</thread>
  <message>Object &amp;apos;&amp;apos; is checked</message>
  <nestedLevel>1</nestedLevel>
</record>
<record>
  <date>2019-09-11T03:59:05</date>
  <millis>1568192345944</millis>
  <sequence>135</sequence>
  <level>INFO</level>
  <class>com.kms.katalon.core.logging.XmlKeywordLogger</class>
  <method>logMessage</method>
  <thread>1</thread>
  <message>The specified checkbox is checked</message>
  <nestedLevel>1</nestedLevel>
</record>
<record>
  <date>2019-09-11T03:59:05</date>
  <millis>1568192345944</millis>
  <sequence>136</sequence>
  <level>PASSED</level>
  <class>com.kms.katalon.core.logging.XmlKeywordLogger</class>
  <method>logMessage</method>
  <thread>1</thread>
  <message>pages.Sale.verifyIfEntryModeIsChecked is PASSED</message>
  <nestedLevel>1</nestedLevel>
</record>
<record>
  <date>2019-09-11T03:59:05</date>
  <millis>1568192345953</millis>
  <sequence>137</sequence>
  <level>END</level>
  <class>com.kms.katalon.core.logging.XmlKeywordLogger</class>
  <method>endKeyword</method>
  <thread>1</thread>
  <message>End action : pages.Sale.verifyIfEntryModeIsChecked(\&amp;quot;radio-card-not-present\&amp;quot;, 60)</message>
  <nestedLevel>1</nestedLevel>
</record>
<record>
  <date>2019-09-11T03:59:05</date>
  <millis>1568192345954</millis>
  <sequence>138</sequence>
  <level>START</level>
  <class>com.kms.katalon.core.logging.XmlKeywordLogger</class>
  <method>startKeyword</method>
  <thread>1</thread>
  <message>Start action : utilities.SafeActions.safeType(findTestObject(\&amp;quot;Pages/Sale/input_CardNumber\&amp;quot;), \&amp;quot;4111111111111111\&amp;quot;, \&amp;quot;Entering Card Number\&amp;quot;, [10])</message>
  <nestedLevel>1</nestedLevel>
  <property name="startLine">43</property>
  <property name="stepIndex">11</property>
</record>
<record>
  <date>2019-09-11T03:59:06</date>
  <millis>1568192346263</millis>
  <sequence>144</sequence>
  <level>PASSED</level>
  <class>com.kms.katalon.core.logging.XmlKeywordLogger</class>
  <method>logMessage</method>
  <thread>1</thread>
  <message>Object &amp;apos;Object Repository/Pages/Sale/input_CardNumber&amp;apos; is present</message>
  <nestedLevel>1</nestedLevel>
</record>
<record>
  <date>2019-09-11T03:59:06</date>
  <millis>1568192346547</millis>
  <sequence>150</sequence>
  <level>PASSED</level>
  <class>com.kms.katalon.core.logging.XmlKeywordLogger</class>
  <method>logMessage</method>
  <thread>1</thread>
  <message>Object: &amp;apos;Object Repository/Pages/Sale/input_CardNumber&amp;apos; is clicked on</message>
  <nestedLevel>1</nestedLevel>
</record>
<record>
  <date>2019-09-11T03:59:06</date>
  <millis>1568192346757</millis>
  <sequence>158</sequence>
  <level>PASSED</level>
  <class>com.kms.katalon.core.logging.XmlKeywordLogger</class>
  <method>logMessage</method>
  <thread>1</thread>
  <message>Text &amp;apos;4111111111111111&amp;apos; is set on object &amp;apos;Object Repository/Pages/Sale/input_CardNumber&amp;apos;</message>
  <nestedLevel>1</nestedLevel>
</record>
<record>
  <date>2019-09-11T03:59:06</date>
  <millis>1568192346758</millis>
  <sequence>159</sequence>
  <level>PASSED</level>
  <class>com.kms.katalon.core.logging.XmlKeywordLogger</class>
  <method>logMessage</method>
  <thread>1</thread>
  <message>utilities.SafeActions.safeType is PASSED</message>
  <nestedLevel>1</nestedLevel>
</record>
<record>
  <date>2019-09-11T03:59:06</date>
  <millis>1568192346760</millis>
  <sequence>160</sequence>
  <level>END</level>
  <class>com.kms.katalon.core.logging.XmlKeywordLogger</class>
  <method>endKeyword</method>
  <thread>1</thread>
  <message>End action : utilities.SafeActions.safeType(findTestObject(\&amp;quot;Pages/Sale/input_CardNumber\&amp;quot;), \&amp;quot;4111111111111111\&amp;quot;, \&amp;quot;Entering Card Number\&amp;quot;, [10])</message>
  <nestedLevel>1</nestedLevel>
</record>
<record>
  <date>2019-09-11T03:59:06</date>
  <millis>1568192346760</millis>
  <sequence>161</sequence>
  <level>START</level>
  <class>com.kms.katalon.core.logging.XmlKeywordLogger</class>
  <method>startKeyword</method>
  <thread>1</thread>
  <message>Start action : delay(4)</message>
  <nestedLevel>1</nestedLevel>
  <property name="startLine">48</property>
  <property name="stepIndex">12</property>
</record>
<record>
  <date>2019-09-11T03:59:10</date>
  <millis>1568192350765</millis>
  <sequence>163</sequence>
  <level>PASSED</level>
  <class>com.kms.katalon.core.logging.XmlKeywordLogger</class>
  <method>logMessage</method>
  <thread>1</thread>
  <message>Delayed 4 second(s)</message>
  <nestedLevel>1</nestedLevel>
</record>
<record>
  <date>2019-09-11T03:59:10</date>
  <millis>1568192350766</millis>
  <sequence>164</sequence>
  <level>END</level>
  <class>com.kms.katalon.core.logging.XmlKeywordLogger</class>
  <method>endKeyword</method>
  <thread>1</thread>
  <message>End action : delay(4)</message>
  <nestedLevel>1</nestedLevel>
</record>
<record>
  <date>2019-09-11T03:59:10</date>
  <millis>1568192350766</millis>
  <sequence>165</sequence>
  <level>START</level>
  <class>com.kms.katalon.core.logging.XmlKeywordLogger</class>
  <method>startKeyword</method>
  <thread>1</thread>
  <message>Start action : utilities.SafeActions.selectSeleniumCode(findTestObject(\&amp;quot;Pages/Sale/dropDown_ExpirationMonth\&amp;quot;), \&amp;quot;5\&amp;quot;)</message>
  <nestedLevel>1</nestedLevel>
  <property name="startLine">50</property>
  <property name="stepIndex">13</property>
</record>
<record>
  <date>2019-09-11T03:59:11</date>
  <millis>1568192351191</millis>
  <sequence>170</sequence>
  <level>PASSED</level>
  <class>com.kms.katalon.core.logging.XmlKeywordLogger</class>
  <method>logMessage</method>
  <thread>1</thread>
  <message>utilities.SafeActions.selectSeleniumCode is PASSED</message>
  <nestedLevel>1</nestedLevel>
</record>
<record>
  <date>2019-09-11T03:59:11</date>
  <millis>1568192351191</millis>
  <sequence>171</sequence>
  <level>END</level>
  <class>com.kms.katalon.core.logging.XmlKeywordLogger</class>
  <method>endKeyword</method>
  <thread>1</thread>
  <message>End action : utilities.SafeActions.selectSeleniumCode(findTestObject(\&amp;quot;Pages/Sale/dropDown_ExpirationMonth\&amp;quot;), \&amp;quot;5\&amp;quot;)</message>
  <nestedLevel>1</nestedLevel>
</record>
<record>
  <date>2019-09-11T03:59:11</date>
  <millis>1568192351192</millis>
  <sequence>172</sequence>
  <level>START</level>
  <class>com.kms.katalon.core.logging.XmlKeywordLogger</class>
  <method>startKeyword</method>
  <thread>1</thread>
  <message>Start action : utilities.SafeActions.selectSeleniumCode(findTestObject(\&amp;quot;Pages/Sale/dropDown_ExpirationYear\&amp;quot;), \&amp;quot;2022\&amp;quot;)</message>
  <nestedLevel>1</nestedLevel>
  <property name="startLine">55</property>
  <property name="stepIndex">14</property>
</record>
<record>
  <date>2019-09-11T03:59:11</date>
  <millis>1568192351549</millis>
  <sequence>177</sequence>
  <level>PASSED</level>
  <class>com.kms.katalon.core.logging.XmlKeywordLogger</class>
  <method>logMessage</method>
  <thread>1</thread>
  <message>utilities.SafeActions.selectSeleniumCode is PASSED</message>
  <nestedLevel>1</nestedLevel>
</record>
<record>
  <date>2019-09-11T03:59:11</date>
  <millis>1568192351550</millis>
  <sequence>178</sequence>
  <level>END</level>
  <class>com.kms.katalon.core.logging.XmlKeywordLogger</class>
  <method>endKeyword</method>
  <thread>1</thread>
  <message>End action : utilities.SafeActions.selectSeleniumCode(findTestObject(\&amp;quot;Pages/Sale/dropDown_ExpirationYear\&amp;quot;), \&amp;quot;2022\&amp;quot;)</message>
  <nestedLevel>1</nestedLevel>
</record>
<record>
  <date>2019-09-11T03:59:11</date>
  <millis>1568192351551</millis>
  <sequence>179</sequence>
  <level>START</level>
  <class>com.kms.katalon.core.logging.XmlKeywordLogger</class>
  <method>startKeyword</method>
  <thread>1</thread>
  <message>Start action : delay(2)</message>
  <nestedLevel>1</nestedLevel>
  <property name="startLine">57</property>
  <property name="stepIndex">15</property>
</record>
<record>
  <date>2019-09-11T03:59:13</date>
  <millis>1568192353551</millis>
  <sequence>181</sequence>
  <level>PASSED</level>
  <class>com.kms.katalon.core.logging.XmlKeywordLogger</class>
  <method>logMessage</method>
  <thread>1</thread>
  <message>Delayed 2 second(s)</message>
  <nestedLevel>1</nestedLevel>
</record>
<record>
  <date>2019-09-11T03:59:13</date>
  <millis>1568192353552</millis>
  <sequence>182</sequence>
  <level>END</level>
  <class>com.kms.katalon.core.logging.XmlKeywordLogger</class>
  <method>endKeyword</method>
  <thread>1</thread>
  <message>End action : delay(2)</message>
  <nestedLevel>1</nestedLevel>
</record>
<record>
  <date>2019-09-11T03:59:13</date>
  <millis>1568192353552</millis>
  <sequence>183</sequence>
  <level>START</level>
  <class>com.kms.katalon.core.logging.XmlKeywordLogger</class>
  <method>startKeyword</method>
  <thread>1</thread>
  <message>Start action : scrollToElement(findTestObject(\&amp;quot;Pages/Sale/invoiceNumber\&amp;quot;), 10)</message>
  <nestedLevel>1</nestedLevel>
  <property name="startLine">59</property>
  <property name="stepIndex">16</property>
</record>
<record>
  <date>2019-09-11T03:59:13</date>
  <millis>1568192353688</millis>
  <sequence>191</sequence>
  <level>PASSED</level>
  <class>com.kms.katalon.core.logging.XmlKeywordLogger</class>
  <method>logMessage</method>
  <thread>1</thread>
  <message>Scroll to object &amp;apos;Object Repository/Pages/Sale/invoiceNumber&amp;apos; successfully</message>
  <nestedLevel>1</nestedLevel>
</record>
<record>
  <date>2019-09-11T03:59:13</date>
  <millis>1568192353689</millis>
  <sequence>192</sequence>
  <level>END</level>
  <class>com.kms.katalon.core.logging.XmlKeywordLogger</class>
  <method>endKeyword</method>
  <thread>1</thread>
  <message>End action : scrollToElement(findTestObject(\&amp;quot;Pages/Sale/invoiceNumber\&amp;quot;), 10)</message>
  <nestedLevel>1</nestedLevel>
</record>
<record>
  <date>2019-09-11T03:59:13</date>
  <millis>1568192353689</millis>
  <sequence>193</sequence>
  <level>START</level>
  <class>com.kms.katalon.core.logging.XmlKeywordLogger</class>
  <method>startKeyword</method>
  <thread>1</thread>
  <message>Start action : invoiceNumber = utilities.SafeActions.safeGetText(findTestObject(\&amp;quot;Pages/Sale/invoiceNumber\&amp;quot;), 10)</message>
  <nestedLevel>1</nestedLevel>
  <property name="startLine">61</property>
  <property name="stepIndex">17</property>
</record>
<record>
  <date>2019-09-11T03:59:13</date>
  <millis>1568192353791</millis>
  <sequence>199</sequence>
  <level>PASSED</level>
  <class>com.kms.katalon.core.logging.XmlKeywordLogger</class>
  <method>logMessage</method>
  <thread>1</thread>
  <message>Object &amp;apos;Object Repository/Pages/Sale/invoiceNumber&amp;apos; is present</message>
  <nestedLevel>1</nestedLevel>
</record>
<record>
  <date>2019-09-11T03:59:13</date>
  <millis>1568192353818</millis>
  <sequence>205</sequence>
  <level>PASSED</level>
  <class>com.kms.katalon.core.logging.XmlKeywordLogger</class>
  <method>logMessage</method>
  <thread>1</thread>
  <message>Text of object &amp;apos;Object Repository/Pages/Sale/invoiceNumber&amp;apos; is: &amp;apos;156817793514323&amp;apos;</message>
  <nestedLevel>1</nestedLevel>
</record>
<record>
  <date>2019-09-11T03:59:13</date>
  <millis>1568192353818</millis>
  <sequence>206</sequence>
  <level>PASSED</level>
  <class>com.kms.katalon.core.logging.XmlKeywordLogger</class>
  <method>logMessage</method>
  <thread>1</thread>
  <message>utilities.SafeActions.safeGetText is PASSED</message>
  <nestedLevel>1</nestedLevel>
</record>
<record>
  <date>2019-09-11T03:59:13</date>
  <millis>1568192353818</millis>
  <sequence>207</sequence>
  <level>END</level>
  <class>com.kms.katalon.core.logging.XmlKeywordLogger</class>
  <method>endKeyword</method>
  <thread>1</thread>
  <message>End action : invoiceNumber = utilities.SafeActions.safeGetText(findTestObject(\&amp;quot;Pages/Sale/invoiceNumber\&amp;quot;), 10)</message>
  <nestedLevel>1</nestedLevel>
</record>
<record>
  <date>2019-09-11T03:59:13</date>
  <millis>1568192353819</millis>
  <sequence>208</sequence>
  <level>START</level>
  <class>com.kms.katalon.core.logging.XmlKeywordLogger</class>
  <method>startKeyword</method>
  <thread>1</thread>
  <message>Start action : utilities.SafeActions.safeClickwithScroll(findTestObject(\&amp;quot;Pages/Sale/button_Checkout\&amp;quot;), \&amp;quot;Click on Checkout button\&amp;quot;, [60])</message>
  <nestedLevel>1</nestedLevel>
  <property name="startLine">81</property>
  <property name="stepIndex">18</property>
</record>
<record>
  <date>2019-09-11T03:59:13</date>
  <millis>1568192353927</millis>
  <sequence>216</sequence>
  <level>PASSED</level>
  <class>com.kms.katalon.core.logging.XmlKeywordLogger</class>
  <method>logMessage</method>
  <thread>1</thread>
  <message>Scroll to object &amp;apos;Object Repository/Pages/Sale/button_Checkout&amp;apos; successfully</message>
  <nestedLevel>1</nestedLevel>
</record>
<record>
  <date>2019-09-11T03:59:13</date>
  <millis>1568192353932</millis>
  <sequence>217</sequence>
  <level>INFO</level>
  <class>com.kms.katalon.core.logging.XmlKeywordLogger</class>
  <method>logMessage</method>
  <thread>1</thread>
  <message>Sale.ts:waiting until Click on Checkout button is Clickable</message>
  <nestedLevel>1</nestedLevel>
</record>
<record>
  <date>2019-09-11T03:59:14</date>
  <millis>1568192354077</millis>
  <sequence>223</sequence>
  <level>PASSED</level>
  <class>com.kms.katalon.core.logging.XmlKeywordLogger</class>
  <method>logMessage</method>
  <thread>1</thread>
  <message>Object &amp;apos;Object Repository/Pages/Sale/button_Checkout&amp;apos; is clickable</message>
  <nestedLevel>1</nestedLevel>
</record>
<record>
  <date>2019-09-11T03:59:14</date>
  <millis>1568192354135</millis>
  <sequence>228</sequence>
  <level>PASSED</level>
  <class>com.kms.katalon.core.logging.XmlKeywordLogger</class>
  <method>logMessage</method>
  <thread>1</thread>
  <message>Object &amp;apos;Object Repository/Pages/Sale/button_Checkout&amp;apos; is visible</message>
  <nestedLevel>1</nestedLevel>
</record>
<record>
  <date>2019-09-11T03:59:14</date>
  <millis>1568192354383</millis>
  <sequence>234</sequence>
  <level>PASSED</level>
  <class>com.kms.katalon.core.logging.XmlKeywordLogger</class>
  <method>logMessage</method>
  <thread>1</thread>
  <message>Object: &amp;apos;Object Repository/Pages/Sale/button_Checkout&amp;apos; is clicked on</message>
  <nestedLevel>1</nestedLevel>
</record>
<record>
  <date>2019-09-11T03:59:14</date>
  <millis>1568192354384</millis>
  <sequence>235</sequence>
  <level>INFO</level>
  <class>com.kms.katalon.core.logging.XmlKeywordLogger</class>
  <method>logMessage</method>
  <thread>1</thread>
  <message>Sale.ts: Clicked on the Click on Checkout button</message>
  <nestedLevel>1</nestedLevel>
</record>
<record>
  <date>2019-09-11T03:59:14</date>
  <millis>1568192354384</millis>
  <sequence>236</sequence>
  <level>PASSED</level>
  <class>com.kms.katalon.core.logging.XmlKeywordLogger</class>
  <method>logMessage</method>
  <thread>1</thread>
  <message>utilities.SafeActions.safeClickwithScroll is PASSED</message>
  <nestedLevel>1</nestedLevel>
</record>
<record>
  <date>2019-09-11T03:59:14</date>
  <millis>1568192354384</millis>
  <sequence>237</sequence>
  <level>END</level>
  <class>com.kms.katalon.core.logging.XmlKeywordLogger</class>
  <method>endKeyword</method>
  <thread>1</thread>
  <message>End action : utilities.SafeActions.safeClickwithScroll(findTestObject(\&amp;quot;Pages/Sale/button_Checkout\&amp;quot;), \&amp;quot;Click on Checkout button\&amp;quot;, [60])</message>
  <nestedLevel>1</nestedLevel>
</record>
<record>
  <date>2019-09-11T03:59:14</date>
  <millis>1568192354384</millis>
  <sequence>238</sequence>
  <level>START</level>
  <class>com.kms.katalon.core.logging.XmlKeywordLogger</class>
  <method>startKeyword</method>
  <thread>1</thread>
  <message>Start action : pages.Sale.verifyTransactionCompletePage(findTestObject(\&amp;quot;Pages/Sale/heading_TransactionComplete\&amp;quot;))</message>
  <nestedLevel>1</nestedLevel>
  <property name="startLine">84</property>
  <property name="stepIndex">19</property>
</record>
<record>
  <date>2019-09-11T03:59:14</date>
  <millis>1568192354981</millis>
  <sequence>244</sequence>
  <level>PASSED</level>
  <class>com.kms.katalon.core.logging.XmlKeywordLogger</class>
  <method>logMessage</method>
  <thread>1</thread>
  <message>Object &amp;apos;Object Repository/Pages/Sale/heading_TransactionComplete&amp;apos; is present</message>
  <nestedLevel>1</nestedLevel>
</record>
<record>
  <date>2019-09-11T03:59:14</date>
  <millis>1568192354983</millis>
  <sequence>245</sequence>
  <level>PASSED</level>
  <class>com.kms.katalon.core.logging.XmlKeywordLogger</class>
  <method>logMessage</method>
  <thread>1</thread>
  <message>The screen is Transaction Complete screen</message>
  <nestedLevel>1</nestedLevel>
</record>
<record>
  <date>2019-09-11T03:59:14</date>
  <millis>1568192354983</millis>
  <sequence>246</sequence>
  <level>END</level>
  <class>com.kms.katalon.core.logging.XmlKeywordLogger</class>
  <method>endKeyword</method>
  <thread>1</thread>
  <message>End action : pages.Sale.verifyTransactionCompletePage(findTestObject(\&amp;quot;Pages/Sale/heading_TransactionComplete\&amp;quot;))</message>
  <nestedLevel>1</nestedLevel>
</record>
<record>
  <date>2019-09-11T03:59:14</date>
  <millis>1568192354987</millis>
  <sequence>247</sequence>
  <level>START</level>
  <class>com.kms.katalon.core.logging.XmlKeywordLogger</class>
  <method>startKeyword</method>
  <thread>1</thread>
  <message>Start action : delay(6)</message>
  <nestedLevel>1</nestedLevel>
  <property name="startLine">86</property>
  <property name="stepIndex">20</property>
</record>
<record>
  <date>2019-09-11T03:59:20</date>
  <millis>1568192360992</millis>
  <sequence>249</sequence>
  <level>PASSED</level>
  <class>com.kms.katalon.core.logging.XmlKeywordLogger</class>
  <method>logMessage</method>
  <thread>1</thread>
  <message>Delayed 6 second(s)</message>
  <nestedLevel>1</nestedLevel>
</record>
<record>
  <date>2019-09-11T03:59:20</date>
  <millis>1568192360993</millis>
  <sequence>250</sequence>
  <level>END</level>
  <class>com.kms.katalon.core.logging.XmlKeywordLogger</class>
  <method>endKeyword</method>
  <thread>1</thread>
  <message>End action : delay(6)</message>
  <nestedLevel>1</nestedLevel>
</record>
<record>
  <date>2019-09-11T03:59:20</date>
  <millis>1568192360993</millis>
  <sequence>251</sequence>
  <level>START</level>
  <class>com.kms.katalon.core.logging.XmlKeywordLogger</class>
  <method>startKeyword</method>
  <thread>1</thread>
  <message>Start action : utilities.SafeActions.safeClickWithoutScroll(findTestObject(\&amp;quot;Pages/Sale/button_ReturnToSale\&amp;quot;), \&amp;quot;Click on Return To Sale\&amp;quot;, [10])</message>
  <nestedLevel>1</nestedLevel>
  <property name="startLine">88</property>
  <property name="stepIndex">21</property>
</record>
<record>
  <date>2019-09-11T03:59:21</date>
  <millis>1568192361068</millis>
  <sequence>253</sequence>
  <level>INFO</level>
  <class>com.kms.katalon.core.logging.XmlKeywordLogger</class>
  <method>logMessage</method>
  <thread>1</thread>
  <message>Safe Click Without scroll</message>
  <nestedLevel>1</nestedLevel>
</record>
<record>
  <date>2019-09-11T03:59:21</date>
  <millis>1568192361069</millis>
  <sequence>254</sequence>
  <level>INFO</level>
  <class>com.kms.katalon.core.logging.XmlKeywordLogger</class>
  <method>logMessage</method>
  <thread>1</thread>
  <message>Sale.ts:waiting until Click on Return To Sale is Clickable</message>
  <nestedLevel>1</nestedLevel>
</record>
<record>
  <date>2019-09-11T03:59:21</date>
  <millis>1568192361098</millis>
  <sequence>260</sequence>
  <level>PASSED</level>
  <class>com.kms.katalon.core.logging.XmlKeywordLogger</class>
  <method>logMessage</method>
  <thread>1</thread>
  <message>Object &amp;apos;Object Repository/Pages/Sale/button_ReturnToSale&amp;apos; is clickable</message>
  <nestedLevel>1</nestedLevel>
</record>
<record>
  <date>2019-09-11T03:59:21</date>
  <millis>1568192361166</millis>
  <sequence>265</sequence>
  <level>PASSED</level>
  <class>com.kms.katalon.core.logging.XmlKeywordLogger</class>
  <method>logMessage</method>
  <thread>1</thread>
  <message>Object &amp;apos;Object Repository/Pages/Sale/button_ReturnToSale&amp;apos; is visible</message>
  <nestedLevel>1</nestedLevel>
</record>
<record>
  <date>2019-09-11T03:59:21</date>
  <millis>1568192361517</millis>
  <sequence>271</sequence>
  <level>PASSED</level>
  <class>com.kms.katalon.core.logging.XmlKeywordLogger</class>
  <method>logMessage</method>
  <thread>1</thread>
  <message>Object: &amp;apos;Object Repository/Pages/Sale/button_ReturnToSale&amp;apos; is clicked on</message>
  <nestedLevel>1</nestedLevel>
</record>
<record>
  <date>2019-09-11T03:59:21</date>
  <millis>1568192361518</millis>
  <sequence>272</sequence>
  <level>INFO</level>
  <class>com.kms.katalon.core.logging.XmlKeywordLogger</class>
  <method>logMessage</method>
  <thread>1</thread>
  <message>Sale.ts: click on the Click on Return To Sale</message>
  <nestedLevel>1</nestedLevel>
</record>
<record>
  <date>2019-09-11T03:59:21</date>
  <millis>1568192361518</millis>
  <sequence>273</sequence>
  <level>PASSED</level>
  <class>com.kms.katalon.core.logging.XmlKeywordLogger</class>
  <method>logMessage</method>
  <thread>1</thread>
  <message>utilities.SafeActions.safeClickWithoutScroll is PASSED</message>
  <nestedLevel>1</nestedLevel>
</record>
<record>
  <date>2019-09-11T03:59:21</date>
  <millis>1568192361518</millis>
  <sequence>274</sequence>
  <level>END</level>
  <class>com.kms.katalon.core.logging.XmlKeywordLogger</class>
  <method>endKeyword</method>
  <thread>1</thread>
  <message>End action : utilities.SafeActions.safeClickWithoutScroll(findTestObject(\&amp;quot;Pages/Sale/button_ReturnToSale\&amp;quot;), \&amp;quot;Click on Return To Sale\&amp;quot;, [10])</message>
  <nestedLevel>1</nestedLevel>
</record>
<record>
  <date>2019-09-11T03:59:21</date>
  <millis>1568192361519</millis>
  <sequence>275</sequence>
  <level>START</level>
  <class>com.kms.katalon.core.logging.XmlKeywordLogger</class>
  <method>startKeyword</method>
  <thread>1</thread>
  <message>Start action : utilities.SafeActions.safeClickWithoutScroll(findTestObject(\&amp;quot;Pages/Transaction_Management/tab_TransactionManagement\&amp;quot;), \&amp;quot;Transaction Management Tab\&amp;quot;, [10])</message>
  <nestedLevel>1</nestedLevel>
  <property name="startLine">91</property>
  <property name="stepIndex">22</property>
</record>
<record>
  <date>2019-09-11T03:59:21</date>
  <millis>1568192361598</millis>
  <sequence>277</sequence>
  <level>INFO</level>
  <class>com.kms.katalon.core.logging.XmlKeywordLogger</class>
  <method>logMessage</method>
  <thread>1</thread>
  <message>Safe Click Without scroll</message>
  <nestedLevel>1</nestedLevel>
</record>
<record>
  <date>2019-09-11T03:59:21</date>
  <millis>1568192361598</millis>
  <sequence>278</sequence>
  <level>INFO</level>
  <class>com.kms.katalon.core.logging.XmlKeywordLogger</class>
  <method>logMessage</method>
  <thread>1</thread>
  <message>Sale.ts:waiting until Transaction Management Tab is Clickable</message>
  <nestedLevel>1</nestedLevel>
</record>
<record>
  <date>2019-09-11T03:59:21</date>
  <millis>1568192361622</millis>
  <sequence>284</sequence>
  <level>PASSED</level>
  <class>com.kms.katalon.core.logging.XmlKeywordLogger</class>
  <method>logMessage</method>
  <thread>1</thread>
  <message>Object &amp;apos;Object Repository/Pages/Transaction_Management/tab_TransactionManagement&amp;apos; is clickable</message>
  <nestedLevel>1</nestedLevel>
</record>
<record>
  <date>2019-09-11T03:59:21</date>
  <millis>1568192361670</millis>
  <sequence>289</sequence>
  <level>PASSED</level>
  <class>com.kms.katalon.core.logging.XmlKeywordLogger</class>
  <method>logMessage</method>
  <thread>1</thread>
  <message>Object &amp;apos;Object Repository/Pages/Transaction_Management/tab_TransactionManagement&amp;apos; is visible</message>
  <nestedLevel>1</nestedLevel>
</record>
<record>
  <date>2019-09-11T03:59:21</date>
  <millis>1568192361910</millis>
  <sequence>295</sequence>
  <level>PASSED</level>
  <class>com.kms.katalon.core.logging.XmlKeywordLogger</class>
  <method>logMessage</method>
  <thread>1</thread>
  <message>Object: &amp;apos;Object Repository/Pages/Transaction_Management/tab_TransactionManagement&amp;apos; is clicked on</message>
  <nestedLevel>1</nestedLevel>
</record>
<record>
  <date>2019-09-11T03:59:21</date>
  <millis>1568192361911</millis>
  <sequence>296</sequence>
  <level>INFO</level>
  <class>com.kms.katalon.core.logging.XmlKeywordLogger</class>
  <method>logMessage</method>
  <thread>1</thread>
  <message>Sale.ts: click on the Transaction Management Tab</message>
  <nestedLevel>1</nestedLevel>
</record>
<record>
  <date>2019-09-11T03:59:21</date>
  <millis>1568192361911</millis>
  <sequence>297</sequence>
  <level>PASSED</level>
  <class>com.kms.katalon.core.logging.XmlKeywordLogger</class>
  <method>logMessage</method>
  <thread>1</thread>
  <message>utilities.SafeActions.safeClickWithoutScroll is PASSED</message>
  <nestedLevel>1</nestedLevel>
</record>
<record>
  <date>2019-09-11T03:59:21</date>
  <millis>1568192361913</millis>
  <sequence>298</sequence>
  <level>END</level>
  <class>com.kms.katalon.core.logging.XmlKeywordLogger</class>
  <method>endKeyword</method>
  <thread>1</thread>
  <message>End action : utilities.SafeActions.safeClickWithoutScroll(findTestObject(\&amp;quot;Pages/Transaction_Management/tab_TransactionManagement\&amp;quot;), \&amp;quot;Transaction Management Tab\&amp;quot;, [10])</message>
  <nestedLevel>1</nestedLevel>
</record>
<record>
  <date>2019-09-11T03:59:21</date>
  <millis>1568192361913</millis>
  <sequence>299</sequence>
  <level>START</level>
  <class>com.kms.katalon.core.logging.XmlKeywordLogger</class>
  <method>startKeyword</method>
  <thread>1</thread>
  <message>Start action : utilities.SafeActions.safeClickwithScroll(findTestObject(\&amp;quot;Pages/Transaction_Management/button_Search\&amp;quot;), \&amp;quot;Search\&amp;quot;, [10])</message>
  <nestedLevel>1</nestedLevel>
  <property name="startLine">94</property>
  <property name="stepIndex">23</property>
</record>
<record>
  <date>2019-09-11T03:59:22</date>
  <millis>1568192362012</millis>
  <sequence>307</sequence>
  <level>PASSED</level>
  <class>com.kms.katalon.core.logging.XmlKeywordLogger</class>
  <method>logMessage</method>
  <thread>1</thread>
  <message>Scroll to object &amp;apos;Object Repository/Pages/Transaction_Management/button_Search&amp;apos; successfully</message>
  <nestedLevel>1</nestedLevel>
</record>
<record>
  <date>2019-09-11T03:59:22</date>
  <millis>1568192362012</millis>
  <sequence>308</sequence>
  <level>INFO</level>
  <class>com.kms.katalon.core.logging.XmlKeywordLogger</class>
  <method>logMessage</method>
  <thread>1</thread>
  <message>Sale.ts:waiting until Search is Clickable</message>
  <nestedLevel>1</nestedLevel>
</record>
<record>
  <date>2019-09-11T03:59:22</date>
  <millis>1568192362037</millis>
  <sequence>314</sequence>
  <level>PASSED</level>
  <class>com.kms.katalon.core.logging.XmlKeywordLogger</class>
  <method>logMessage</method>
  <thread>1</thread>
  <message>Object &amp;apos;Object Repository/Pages/Transaction_Management/button_Search&amp;apos; is clickable</message>
  <nestedLevel>1</nestedLevel>
</record>
<record>
  <date>2019-09-11T03:59:22</date>
  <millis>1568192362086</millis>
  <sequence>319</sequence>
  <level>PASSED</level>
  <class>com.kms.katalon.core.logging.XmlKeywordLogger</class>
  <method>logMessage</method>
  <thread>1</thread>
  <message>Object &amp;apos;Object Repository/Pages/Transaction_Management/button_Search&amp;apos; is visible</message>
  <nestedLevel>1</nestedLevel>
</record>
<record>
  <date>2019-09-11T03:59:22</date>
  <millis>1568192362356</millis>
  <sequence>325</sequence>
  <level>PASSED</level>
  <class>com.kms.katalon.core.logging.XmlKeywordLogger</class>
  <method>logMessage</method>
  <thread>1</thread>
  <message>Object: &amp;apos;Object Repository/Pages/Transaction_Management/button_Search&amp;apos; is clicked on</message>
  <nestedLevel>1</nestedLevel>
</record>
<record>
  <date>2019-09-11T03:59:22</date>
  <millis>1568192362357</millis>
  <sequence>326</sequence>
  <level>INFO</level>
  <class>com.kms.katalon.core.logging.XmlKeywordLogger</class>
  <method>logMessage</method>
  <thread>1</thread>
  <message>Sale.ts: Clicked on the Search</message>
  <nestedLevel>1</nestedLevel>
</record>
<record>
  <date>2019-09-11T03:59:22</date>
  <millis>1568192362357</millis>
  <sequence>327</sequence>
  <level>PASSED</level>
  <class>com.kms.katalon.core.logging.XmlKeywordLogger</class>
  <method>logMessage</method>
  <thread>1</thread>
  <message>utilities.SafeActions.safeClickwithScroll is PASSED</message>
  <nestedLevel>1</nestedLevel>
</record>
<record>
  <date>2019-09-11T03:59:22</date>
  <millis>1568192362357</millis>
  <sequence>328</sequence>
  <level>END</level>
  <class>com.kms.katalon.core.logging.XmlKeywordLogger</class>
  <method>endKeyword</method>
  <thread>1</thread>
  <message>End action : utilities.SafeActions.safeClickwithScroll(findTestObject(\&amp;quot;Pages/Transaction_Management/button_Search\&amp;quot;), \&amp;quot;Search\&amp;quot;, [10])</message>
  <nestedLevel>1</nestedLevel>
</record>
<record>
  <date>2019-09-11T03:59:22</date>
  <millis>1568192362357</millis>
  <sequence>329</sequence>
  <level>START</level>
  <class>com.kms.katalon.core.logging.XmlKeywordLogger</class>
  <method>startKeyword</method>
  <thread>1</thread>
  <message>Start action : scrollToElement(findTestObject(\&amp;quot;Pages/Transaction_Management/invoice_ForTransaction\&amp;quot;), 5)</message>
  <nestedLevel>1</nestedLevel>
  <property name="startLine">97</property>
  <property name="stepIndex">24</property>
</record>
<record>
  <date>2019-09-11T03:59:23</date>
  <millis>1568192363013</millis>
  <sequence>337</sequence>
  <level>PASSED</level>
  <class>com.kms.katalon.core.logging.XmlKeywordLogger</class>
  <method>logMessage</method>
  <thread>1</thread>
  <message>Scroll to object &amp;apos;Object Repository/Pages/Transaction_Management/invoice_ForTransaction&amp;apos; successfully</message>
  <nestedLevel>1</nestedLevel>
</record>
<record>
  <date>2019-09-11T03:59:23</date>
  <millis>1568192363013</millis>
  <sequence>338</sequence>
  <level>END</level>
  <class>com.kms.katalon.core.logging.XmlKeywordLogger</class>
  <method>endKeyword</method>
  <thread>1</thread>
  <message>End action : scrollToElement(findTestObject(\&amp;quot;Pages/Transaction_Management/invoice_ForTransaction\&amp;quot;), 5)</message>
  <nestedLevel>1</nestedLevel>
</record>
<record>
  <date>2019-09-11T03:59:23</date>
  <millis>1568192363013</millis>
  <sequence>339</sequence>
  <level>START</level>
  <class>com.kms.katalon.core.logging.XmlKeywordLogger</class>
  <method>startKeyword</method>
  <thread>1</thread>
  <message>Start action : invoiceFromTable = utilities.SafeActions.safeGetText(findTestObject(\&amp;quot;Pages/Transaction_Management/invoice_ForTransaction\&amp;quot;), 10)</message>
  <nestedLevel>1</nestedLevel>
  <property name="startLine">99</property>
  <property name="stepIndex">25</property>
</record>
<record>
  <date>2019-09-11T03:59:23</date>
  <millis>1568192363125</millis>
  <sequence>345</sequence>
  <level>PASSED</level>
  <class>com.kms.katalon.core.logging.XmlKeywordLogger</class>
  <method>logMessage</method>
  <thread>1</thread>
  <message>Object &amp;apos;Object Repository/Pages/Transaction_Management/invoice_ForTransaction&amp;apos; is present</message>
  <nestedLevel>1</nestedLevel>
</record>
<record>
  <date>2019-09-11T03:59:23</date>
  <millis>1568192363153</millis>
  <sequence>351</sequence>
  <level>PASSED</level>
  <class>com.kms.katalon.core.logging.XmlKeywordLogger</class>
  <method>logMessage</method>
  <thread>1</thread>
  <message>Text of object &amp;apos;Object Repository/Pages/Transaction_Management/invoice_ForTransaction&amp;apos; is: &amp;apos;156817793514323&amp;apos;</message>
  <nestedLevel>1</nestedLevel>
</record>
<record>
  <date>2019-09-11T03:59:23</date>
  <millis>1568192363154</millis>
  <sequence>352</sequence>
  <level>PASSED</level>
  <class>com.kms.katalon.core.logging.XmlKeywordLogger</class>
  <method>logMessage</method>
  <thread>1</thread>
  <message>utilities.SafeActions.safeGetText is PASSED</message>
  <nestedLevel>1</nestedLevel>
</record>
<record>
  <date>2019-09-11T03:59:23</date>
  <millis>1568192363154</millis>
  <sequence>353</sequence>
  <level>END</level>
  <class>com.kms.katalon.core.logging.XmlKeywordLogger</class>
  <method>endKeyword</method>
  <thread>1</thread>
  <message>End action : invoiceFromTable = utilities.SafeActions.safeGetText(findTestObject(\&amp;quot;Pages/Transaction_Management/invoice_ForTransaction\&amp;quot;), 10)</message>
  <nestedLevel>1</nestedLevel>
</record>
<record>
  <date>2019-09-11T03:59:23</date>
  <millis>1568192363154</millis>
  <sequence>354</sequence>
  <level>START</level>
  <class>com.kms.katalon.core.logging.XmlKeywordLogger</class>
  <method>startKeyword</method>
  <thread>1</thread>
  <message>Start action : Assert.assertEquals(invoiceFromTable.trim(), invoiceNumber.trim())</message>
  <nestedLevel>1</nestedLevel>
  <property name="startLine">102</property>
  <property name="stepIndex">26</property>
</record>
<record>
  <date>2019-09-11T03:59:23</date>
  <millis>1568192363162</millis>
  <sequence>355</sequence>
  <level>END</level>
  <class>com.kms.katalon.core.logging.XmlKeywordLogger</class>
  <method>endKeyword</method>
  <thread>1</thread>
  <message>End action : Assert.assertEquals(invoiceFromTable.trim(), invoiceNumber.trim())</message>
  <nestedLevel>1</nestedLevel>
</record>
<record>
  <date>2019-09-11T03:59:23</date>
  <millis>1568192363162</millis>
  <sequence>356</sequence>
  <level>PASSED</level>
  <class>com.kms.katalon.core.logging.XmlKeywordLogger</class>
  <method>logMessage</method>
  <thread>1</thread>
  <message>Test Cases/FirstView/Sale/TC_Sales_001</message>
  <nestedLevel>1</nestedLevel>
</record>
<record>
  <date>2019-09-11T03:59:23</date>
  <millis>1568192363163</millis>
  <sequence>357</sequence>
  <level>END</level>
  <class>com.kms.katalon.core.logging.XmlKeywordLogger</class>
  <method>endTest</method>
  <thread>1</thread>
  <message>End Test Case : Test Cases/FirstView/Sale/TC_Sales_001</message>
  <nestedLevel>0</nestedLevel>
</record>
<record>
  <date>2019-09-11T03:59:25</date>
  <millis>1568192365029</millis>
  <sequence>358</sequence>
  <level>END</level>
  <class>com.kms.katalon.core.logging.XmlKeywordLogger</class>
  <method>endSuite</method>
  <thread>1</thread>
  <message>End Test Suite : Test Suites/FirstView/Sale</message>
  <nestedLevel>0</nestedLevel>
</record>
</log>
