<?xml version="1.0" encoding="UTF-8" standalone="no"?>
<!DOCTYPE log SYSTEM "logger.dtd">
<log>
<record>
  <date>2019-10-29T04:04:20</date>
  <millis>1572339860748</millis>
  <sequence>0</sequence>
  <level>START</level>
  <class>com.kms.katalon.core.logging.XmlKeywordLogger</class>
  <method>startSuite</method>
  <thread>1</thread>
  <message>Start Test Suite : Test Suites/FirstView/1stPayVault</message>
  <nestedLevel>0</nestedLevel>
  <property name="name">1stPayVault</property>
  <property name="description"></property>
  <property name="id">Test Suites/FirstView/1stPayVault</property>
</record>
<record>
  <date>2019-10-29T04:04:20</date>
  <millis>1572339860816</millis>
  <sequence>1</sequence>
  <level>RUN_DATA</level>
  <class>com.kms.katalon.core.logging.XmlKeywordLogger</class>
  <method>logMessage</method>
  <thread>1</thread>
  <message>hostName = venkata.annam - FW1-D-DTA-ZENQ1</message>
  <nestedLevel>0</nestedLevel>
  <property name="hostName">venkata.annam - FW1-D-DTA-ZENQ1</property>
</record>
<record>
  <date>2019-10-29T04:04:20</date>
  <millis>1572339860818</millis>
  <sequence>2</sequence>
  <level>RUN_DATA</level>
  <class>com.kms.katalon.core.logging.XmlKeywordLogger</class>
  <method>logMessage</method>
  <thread>1</thread>
  <message>os = Windows 10 64bit</message>
  <nestedLevel>0</nestedLevel>
  <property name="os">Windows 10 64bit</property>
</record>
<record>
  <date>2019-10-29T04:04:20</date>
  <millis>1572339860821</millis>
  <sequence>3</sequence>
  <level>RUN_DATA</level>
  <class>com.kms.katalon.core.logging.XmlKeywordLogger</class>
  <method>logMessage</method>
  <thread>1</thread>
  <message>hostAddress = 172.25.52.168</message>
  <nestedLevel>0</nestedLevel>
  <property name="hostAddress">172.25.52.168</property>
</record>
<record>
  <date>2019-10-29T04:04:20</date>
  <millis>1572339860823</millis>
  <sequence>4</sequence>
  <level>RUN_DATA</level>
  <class>com.kms.katalon.core.logging.XmlKeywordLogger</class>
  <method>logMessage</method>
  <thread>1</thread>
  <message>katalonVersion = 6.3.2.4</message>
  <nestedLevel>0</nestedLevel>
  <property name="katalonVersion">6.3.2.4</property>
</record>
<record>
  <date>2019-10-29T04:04:20</date>
  <millis>1572339860897</millis>
  <sequence>5</sequence>
  <level>START</level>
  <class>com.kms.katalon.core.logging.XmlKeywordLogger</class>
  <method>startKeyword</method>
  <thread>1</thread>
  <message>Start listener action : sampleBeforeTestSuite</message>
  <nestedLevel>0</nestedLevel>
</record>
<record>
  <date>2019-10-29T04:04:20</date>
  <millis>1572339860948</millis>
  <sequence>7</sequence>
  <level>START</level>
  <class>com.kms.katalon.core.logging.XmlKeywordLogger</class>
  <method>startKeyword</method>
  <thread>1</thread>
  <message>Start action : println(testSuiteContext.getTestSuiteId())</message>
  <nestedLevel>1</nestedLevel>
  <property name="startLine">60</property>
  <property name="stepIndex">1</property>
</record>
<record>
  <date>2019-10-29T04:04:20</date>
  <millis>1572339860962</millis>
  <sequence>9</sequence>
  <level>END</level>
  <class>com.kms.katalon.core.logging.XmlKeywordLogger</class>
  <method>endKeyword</method>
  <thread>1</thread>
  <message>End action : println(testSuiteContext.getTestSuiteId())</message>
  <nestedLevel>1</nestedLevel>
</record>
<record>
  <date>2019-10-29T04:04:20</date>
  <millis>1572339860963</millis>
  <sequence>10</sequence>
  <level>END</level>
  <class>com.kms.katalon.core.logging.XmlKeywordLogger</class>
  <method>endKeyword</method>
  <thread>1</thread>
  <message>End listener action : sampleBeforeTestSuite</message>
  <nestedLevel>0</nestedLevel>
</record>
<record>
  <date>2019-10-29T04:04:21</date>
  <millis>1572339861070</millis>
  <sequence>11</sequence>
  <level>INFO</level>
  <class>com.kms.katalon.core.logging.XmlKeywordLogger</class>
  <method>logMessage</method>
  <thread>1</thread>
  <message>Microsoft Teams Incoming Webhook is empty.</message>
  <nestedLevel>0</nestedLevel>
</record>
<record>
  <date>2019-10-29T04:04:21</date>
  <millis>1572339861688</millis>
  <sequence>12</sequence>
  <level>START</level>
  <class>com.kms.katalon.core.logging.XmlKeywordLogger</class>
  <method>startTest</method>
  <thread>1</thread>
  <message>Start Test Case : Test Cases/FirstView/FirstPayVault/TC_1st_Pay_Vault_001</message>
  <nestedLevel>1</nestedLevel>
  <property name="name">Test Cases/FirstView/FirstPayVault/TC_1st_Pay_Vault_001</property>
  <property name="description"></property>
  <property name="id">Test Cases/FirstView/FirstPayVault/TC_1st_Pay_Vault_001</property>
  <property name="source">C:\\VPOS_Internal\\VPOS_Internal\\Test Cases\\FirstView\\FirstPayVault\\TC_1st_Pay_Vault_001.tc</property>
  <property name="tag"></property>
  <property name="isOptional">false</property>
</record>
<record>
  <date>2019-10-29T04:04:21</date>
  <millis>1572339861993</millis>
  <sequence>14</sequence>
  <level>INFO</level>
  <class>com.kms.katalon.core.logging.XmlKeywordLogger</class>
  <method>logMessage</method>
  <thread>1</thread>
  <message>(Default) uName = ZenQRetail</message>
  <nestedLevel>1</nestedLevel>
</record>
<record>
  <date>2019-10-29T04:04:22</date>
  <millis>1572339862034</millis>
  <sequence>15</sequence>
  <level>INFO</level>
  <class>com.kms.katalon.core.logging.XmlKeywordLogger</class>
  <method>logMessage</method>
  <thread>1</thread>
  <message>(Default) password = P@ssword1</message>
  <nestedLevel>1</nestedLevel>
</record>
<record>
  <date>2019-10-29T04:04:22</date>
  <millis>1572339862054</millis>
  <sequence>16</sequence>
  <level>INFO</level>
  <class>com.kms.katalon.core.logging.XmlKeywordLogger</class>
  <method>logMessage</method>
  <thread>1</thread>
  <message>(Default) cardMonth = September</message>
  <nestedLevel>1</nestedLevel>
</record>
<record>
  <date>2019-10-29T04:04:22</date>
  <millis>1572339862066</millis>
  <sequence>17</sequence>
  <level>INFO</level>
  <class>com.kms.katalon.core.logging.XmlKeywordLogger</class>
  <method>logMessage</method>
  <thread>1</thread>
  <message>(Default) cardYear = 2023</message>
  <nestedLevel>1</nestedLevel>
</record>
<record>
  <date>2019-10-29T04:04:22</date>
  <millis>1572339862089</millis>
  <sequence>18</sequence>
  <level>INFO</level>
  <class>com.kms.katalon.core.logging.XmlKeywordLogger</class>
  <method>logMessage</method>
  <thread>1</thread>
  <message>(Default) contactName = Venkata Sai</message>
  <nestedLevel>1</nestedLevel>
</record>
<record>
  <date>2019-10-29T04:04:22</date>
  <millis>1572339862125</millis>
  <sequence>19</sequence>
  <level>INFO</level>
  <class>com.kms.katalon.core.logging.XmlKeywordLogger</class>
  <method>logMessage</method>
  <thread>1</thread>
  <message>(Default) address = Street123</message>
  <nestedLevel>1</nestedLevel>
</record>
<record>
  <date>2019-10-29T04:04:22</date>
  <millis>1572339862178</millis>
  <sequence>20</sequence>
  <level>INFO</level>
  <class>com.kms.katalon.core.logging.XmlKeywordLogger</class>
  <method>logMessage</method>
  <thread>1</thread>
  <message>(Default) postalCode = 76102</message>
  <nestedLevel>1</nestedLevel>
</record>
<record>
  <date>2019-10-29T04:04:22</date>
  <millis>1572339862199</millis>
  <sequence>21</sequence>
  <level>INFO</level>
  <class>com.kms.katalon.core.logging.XmlKeywordLogger</class>
  <method>logMessage</method>
  <thread>1</thread>
  <message>(Default) shippingMethod = DTDC</message>
  <nestedLevel>1</nestedLevel>
</record>
<record>
  <date>2019-10-29T04:04:22</date>
  <millis>1572339862242</millis>
  <sequence>22</sequence>
  <level>INFO</level>
  <class>com.kms.katalon.core.logging.XmlKeywordLogger</class>
  <method>logMessage</method>
  <thread>1</thread>
  <message>(Default) elementTime = 100</message>
  <nestedLevel>1</nestedLevel>
</record>
<record>
  <date>2019-10-29T04:04:22</date>
  <millis>1572339862247</millis>
  <sequence>23</sequence>
  <level>START</level>
  <class>com.kms.katalon.core.logging.XmlKeywordLogger</class>
  <method>startKeyword</method>
  <thread>1</thread>
  <message>Start listener action : sampleBeforeTestCase</message>
  <nestedLevel>1</nestedLevel>
</record>
<record>
  <date>2019-10-29T04:04:22</date>
  <millis>1572339862249</millis>
  <sequence>25</sequence>
  <level>START</level>
  <class>com.kms.katalon.core.logging.XmlKeywordLogger</class>
  <method>startKeyword</method>
  <thread>1</thread>
  <message>Start action : println(testCaseContext.getTestCaseId())</message>
  <nestedLevel>1</nestedLevel>
  <property name="startLine">32</property>
  <property name="stepIndex">1</property>
</record>
<record>
  <date>2019-10-29T04:04:22</date>
  <millis>1572339862257</millis>
  <sequence>26</sequence>
  <level>END</level>
  <class>com.kms.katalon.core.logging.XmlKeywordLogger</class>
  <method>endKeyword</method>
  <thread>1</thread>
  <message>End action : println(testCaseContext.getTestCaseId())</message>
  <nestedLevel>1</nestedLevel>
</record>
<record>
  <date>2019-10-29T04:04:22</date>
  <millis>1572339862257</millis>
  <sequence>27</sequence>
  <level>START</level>
  <class>com.kms.katalon.core.logging.XmlKeywordLogger</class>
  <method>startKeyword</method>
  <thread>1</thread>
  <message>Start action : println(testCaseContext.getTestCaseVariables())</message>
  <nestedLevel>1</nestedLevel>
  <property name="startLine">33</property>
  <property name="stepIndex">2</property>
</record>
<record>
  <date>2019-10-29T04:04:22</date>
  <millis>1572339862260</millis>
  <sequence>29</sequence>
  <level>END</level>
  <class>com.kms.katalon.core.logging.XmlKeywordLogger</class>
  <method>endKeyword</method>
  <thread>1</thread>
  <message>End action : println(testCaseContext.getTestCaseVariables())</message>
  <nestedLevel>1</nestedLevel>
</record>
<record>
  <date>2019-10-29T04:04:22</date>
  <millis>1572339862261</millis>
  <sequence>30</sequence>
  <level>END</level>
  <class>com.kms.katalon.core.logging.XmlKeywordLogger</class>
  <method>endKeyword</method>
  <thread>1</thread>
  <message>End listener action : sampleBeforeTestCase</message>
  <nestedLevel>1</nestedLevel>
</record>
<record>
  <date>2019-10-29T04:04:22</date>
  <millis>1572339862977</millis>
  <sequence>31</sequence>
  <level>START</level>
  <class>com.kms.katalon.core.logging.XmlKeywordLogger</class>
  <method>startKeyword</method>
  <thread>1</thread>
  <message>Start action : utilities.SafeActions.openBrowser(Old_URL, [PageLoadTime])</message>
  <nestedLevel>1</nestedLevel>
  <property name="startLine">16</property>
  <property name="stepIndex">1</property>
</record>
<record>
  <date>2019-10-29T04:04:22</date>
  <millis>1572339862987</millis>
  <sequence>32</sequence>
  <level>NOT_RUN</level>
  <class>com.kms.katalon.core.logging.XmlKeywordLogger</class>
  <method>logMessage</method>
  <thread>1</thread>
  <message>NOT_RUN: utilities.SafeActions.openBrowser(Old_URL, [PageLoadTime])</message>
  <nestedLevel>1</nestedLevel>
</record>
<record>
  <date>2019-10-29T04:04:22</date>
  <millis>1572339862988</millis>
  <sequence>33</sequence>
  <level>END</level>
  <class>com.kms.katalon.core.logging.XmlKeywordLogger</class>
  <method>endKeyword</method>
  <thread>1</thread>
  <message>End action : utilities.SafeActions.openBrowser(Old_URL, [PageLoadTime])</message>
  <nestedLevel>1</nestedLevel>
</record>
<record>
  <date>2019-10-29T04:04:22</date>
  <millis>1572339862989</millis>
  <sequence>34</sequence>
  <level>START</level>
  <class>com.kms.katalon.core.logging.XmlKeywordLogger</class>
  <method>startKeyword</method>
  <thread>1</thread>
  <message>Start action : delay(6)</message>
  <nestedLevel>1</nestedLevel>
  <property name="startLine">18</property>
  <property name="stepIndex">2</property>
</record>
<record>
  <date>2019-10-29T04:04:22</date>
  <millis>1572339862990</millis>
  <sequence>35</sequence>
  <level>NOT_RUN</level>
  <class>com.kms.katalon.core.logging.XmlKeywordLogger</class>
  <method>logMessage</method>
  <thread>1</thread>
  <message>NOT_RUN: delay(6)</message>
  <nestedLevel>1</nestedLevel>
</record>
<record>
  <date>2019-10-29T04:04:22</date>
  <millis>1572339862991</millis>
  <sequence>36</sequence>
  <level>END</level>
  <class>com.kms.katalon.core.logging.XmlKeywordLogger</class>
  <method>endKeyword</method>
  <thread>1</thread>
  <message>End action : delay(6)</message>
  <nestedLevel>1</nestedLevel>
</record>
<record>
  <date>2019-10-29T04:04:22</date>
  <millis>1572339862993</millis>
  <sequence>37</sequence>
  <level>START</level>
  <class>com.kms.katalon.core.logging.XmlKeywordLogger</class>
  <method>startKeyword</method>
  <thread>1</thread>
  <message>Start action : utilities.SafeActions.safeSelectOptionInDropDownByVisibleText(findTestObject(\&amp;quot;Pages/Sale/dropDown_AccountType\&amp;quot;), \&amp;quot;ranjanatest2 - 888814981372/001 Account Type: Retail\&amp;quot;, \&amp;quot;Select by Value\&amp;quot;, [25])</message>
  <nestedLevel>1</nestedLevel>
  <property name="startLine">20</property>
  <property name="stepIndex">3</property>
</record>
<record>
  <date>2019-10-29T04:04:22</date>
  <millis>1572339862998</millis>
  <sequence>38</sequence>
  <level>NOT_RUN</level>
  <class>com.kms.katalon.core.logging.XmlKeywordLogger</class>
  <method>logMessage</method>
  <thread>1</thread>
  <message>NOT_RUN: utilities.SafeActions.safeSelectOptionInDropDownByVisibleText(findTestObject(\&amp;quot;Pages/Sale/dropDown_AccountType\&amp;quot;), \&amp;quot;ranjanatest2 - 888814981372/001 Account Type: Retail\&amp;quot;, \&amp;quot;Select by Value\&amp;quot;, [25])</message>
  <nestedLevel>1</nestedLevel>
</record>
<record>
  <date>2019-10-29T04:04:23</date>
  <millis>1572339863002</millis>
  <sequence>39</sequence>
  <level>END</level>
  <class>com.kms.katalon.core.logging.XmlKeywordLogger</class>
  <method>endKeyword</method>
  <thread>1</thread>
  <message>End action : utilities.SafeActions.safeSelectOptionInDropDownByVisibleText(findTestObject(\&amp;quot;Pages/Sale/dropDown_AccountType\&amp;quot;), \&amp;quot;ranjanatest2 - 888814981372/001 Account Type: Retail\&amp;quot;, \&amp;quot;Select by Value\&amp;quot;, [25])</message>
  <nestedLevel>1</nestedLevel>
</record>
<record>
  <date>2019-10-29T04:04:23</date>
  <millis>1572339863002</millis>
  <sequence>40</sequence>
  <level>START</level>
  <class>com.kms.katalon.core.logging.XmlKeywordLogger</class>
  <method>startKeyword</method>
  <thread>1</thread>
  <message>Start action : utilities.SafeActions.openBrowser(URL, [PageLoadTime])</message>
  <nestedLevel>1</nestedLevel>
  <property name="startLine">23</property>
  <property name="stepIndex">4</property>
</record>
<record>
  <date>2019-10-29T04:04:23</date>
  <millis>1572339863316</millis>
  <sequence>41</sequence>
  <level>INFO</level>
  <class>com.kms.katalon.core.logging.XmlKeywordLogger</class>
  <method>logMessage</method>
  <thread>1</thread>
  <message>Opening Browser</message>
  <nestedLevel>1</nestedLevel>
</record>
<record>
  <date>2019-10-29T04:04:23</date>
  <millis>1572339863981</millis>
  <sequence>43</sequence>
  <level>INFO</level>
  <class>com.kms.katalon.core.logging.XmlKeywordLogger</class>
  <method>logMessage</method>
  <thread>1</thread>
  <message>Starting &amp;apos;Firefox&amp;apos; driver</message>
  <nestedLevel>1</nestedLevel>
</record>
</log>